Using pre-set license
Built from '2021.1/release' branch; Version is '2021.1.16f1 (5fa502fca597) revision 6268162'; Using compiler version '192528614'; Build Type 'Release'
OS: 'Windows 10 Pro; OS build 19043.1348; Version 2009; 64bit' Language: 'de' Physical Memory: 16312 MB
BatchMode: 1, IsHumanControllingUs: 0, StartBugReporterOnCrash: 0, Is64bit: 1, IsPro: 0

 COMMAND LINE ARGUMENTS:
C:\Program Files\Unity\Hub\Editor\2021.1.16f1\Editor\Unity.exe
-adb2
-batchMode
-noUpm
-name
AssetImportWorker0
-projectPath
C:/Users/nikla/Documents/GitHub/SchoolProject/School Project
-logFile
Logs/AssetImportWorker0.log
-srvPort
59283
Successfully changed project path to: C:/Users/nikla/Documents/GitHub/SchoolProject/School Project
C:/Users/nikla/Documents/GitHub/SchoolProject/School Project
Using Asset Import Pipeline V2.
Refreshing native plugins compatible for Editor in 102.70 ms, found 4 plugins.
Preloading 0 native plugins for Editor in 0.00 ms.
Initialize engine version: 2021.1.16f1 (5fa502fca597)
[Subsystems] Discovering subsystems at path C:/Program Files/Unity/Hub/Editor/2021.1.16f1/Editor/Data/Resources/UnitySubsystems
[Subsystems] Discovering subsystems at path C:/Users/nikla/Documents/GitHub/SchoolProject/School Project/Assets
GfxDevice: creating device client; threaded=0; jobified=0
Direct3D:
    Version:  Direct3D 11.0 [level 11.1]
    Renderer: NVIDIA GeForce RTX 2070 SUPER (ID=0x1e84)
    Vendor:   NVIDIA
    VRAM:     8011 MB
    Driver:   30.0.14.9649
Initialize mono
Mono path[0] = 'C:/Program Files/Unity/Hub/Editor/2021.1.16f1/Editor/Data/Managed'
Mono path[1] = 'C:/Program Files/Unity/Hub/Editor/2021.1.16f1/Editor/Data/MonoBleedingEdge/lib/mono/unityjit'
Mono config path = 'C:/Program Files/Unity/Hub/Editor/2021.1.16f1/Editor/Data/MonoBleedingEdge/etc'
Using monoOptions --debugger-agent=transport=dt_socket,embedding=1,server=y,suspend=n,address=127.0.0.1:56488
Begin MonoManager ReloadAssembly
Registering precompiled unity dll's ...
Register platform support module: C:/Program Files/Unity/Hub/Editor/2021.1.16f1/Editor/Data/PlaybackEngines/MacStandaloneSupport/UnityEditor.OSXStandalone.Extensions.dll
Register platform support module: C:/Program Files/Unity/Hub/Editor/2021.1.16f1/Editor/Data/PlaybackEngines/WindowsStandaloneSupport/UnityEditor.WindowsStandalone.Extensions.dll
Register platform support module: C:/Program Files/Unity/Hub/Editor/2021.1.16f1/Editor/Data/PlaybackEngines/LinuxStandaloneSupport/UnityEditor.LinuxStandalone.Extensions.dll
Registered in 0.002831 seconds.
Native extension for LinuxStandalone target not found
Native extension for WindowsStandalone target not found
Native extension for OSXStandalone target not found
Refreshing native plugins compatible for Editor in 109.18 ms, found 4 plugins.
Preloading 0 native plugins for Editor in 0.00 ms.
Mono: successfully reloaded assembly
- Completed reload, in  1.303 seconds
Domain Reload Profiling:
	ReloadAssembly (1303ms)
		BeginReloadAssembly (59ms)
			ExecutionOrderSort (0ms)
			DisableScriptedObjects (0ms)
			BackupInstance (0ms)
			ReleaseScriptingObjects (0ms)
			CreateAndSetChildDomain (1ms)
		EndReloadAssembly (494ms)
			LoadAssemblies (58ms)
			RebuildTransferFunctionScriptingTraits (0ms)
			SetupTypeCache (172ms)
			ReleaseScriptCaches (0ms)
			RebuildScriptCaches (29ms)
			SetupLoadedEditorAssemblies (247ms)
				LogAssemblyErrors (0ms)
				InitializePlatformSupportModulesInManaged (9ms)
				SetLoadedEditorAssemblies (0ms)
				RefreshPlugins (109ms)
				BeforeProcessingInitializeOnLoad (1ms)
				ProcessInitializeOnLoadAttributes (96ms)
				ProcessInitializeOnLoadMethodAttributes (30ms)
				AfterProcessingInitializeOnLoad (0ms)
				EditorAssembliesLoaded (0ms)
			ExecutionOrderSort2 (0ms)
			AwakeInstancesAfterBackupRestoration (0ms)
Platform modules already initialized, skipping
Registering precompiled user dll's ...
Registered in 0.005684 seconds.
Begin MonoManager ReloadAssembly
Symbol file LoadedFromMemory doesn't match image C:\Users\nikla\Documents\GitHub\SchoolProject\School Project\Library\PackageCache\com.unity.visualscripting@1.6.1\Editor\VisualScripting.Core\Dependencies\YamlDotNet\Unity.VisualScripting.YamlDotNet.dll
Symbol file LoadedFromMemory doesn't match image C:\Users\nikla\Documents\GitHub\SchoolProject\School Project\Library\PackageCache\com.unity.visualscripting@1.6.1\Editor\VisualScripting.Core\Dependencies\DotNetZip\Unity.VisualScripting.IonicZip.dll
Native extension for LinuxStandalone target not found
Native extension for WindowsStandalone target not found
Native extension for OSXStandalone target not found
Refreshing native plugins compatible for Editor in 103.08 ms, found 4 plugins.
Preloading 0 native plugins for Editor in 0.00 ms.
Mono: successfully reloaded assembly
- Completed reload, in  1.300 seconds
Domain Reload Profiling:
	ReloadAssembly (1300ms)
		BeginReloadAssembly (149ms)
			ExecutionOrderSort (0ms)
			DisableScriptedObjects (4ms)
			BackupInstance (0ms)
			ReleaseScriptingObjects (0ms)
			CreateAndSetChildDomain (24ms)
		EndReloadAssembly (1085ms)
			LoadAssemblies (96ms)
			RebuildTransferFunctionScriptingTraits (0ms)
			SetupTypeCache (342ms)
			ReleaseScriptCaches (1ms)
			RebuildScriptCaches (53ms)
			SetupLoadedEditorAssemblies (506ms)
				LogAssemblyErrors (0ms)
				InitializePlatformSupportModulesInManaged (6ms)
				SetLoadedEditorAssemblies (0ms)
				RefreshPlugins (103ms)
				BeforeProcessingInitializeOnLoad (86ms)
				ProcessInitializeOnLoadAttributes (288ms)
				ProcessInitializeOnLoadMethodAttributes (16ms)
				AfterProcessingInitializeOnLoad (6ms)
				EditorAssembliesLoaded (0ms)
			ExecutionOrderSort2 (0ms)
			AwakeInstancesAfterBackupRestoration (6ms)
Platform modules already initialized, skipping
========================================================================
Worker process is ready to serve import requests
Launched and connected shader compiler UnityShaderCompiler.exe after 0.06 seconds
Refreshing native plugins compatible for Editor in 0.94 ms, found 4 plugins.
Preloading 0 native plugins for Editor in 0.00 ms.
Unloading 3675 Unused Serialized files (Serialized files now loaded: 0)
System memory in use before: 136.3 MB.
System memory in use after: 136.4 MB.

Unloading 37 unused Assets to reduce memory usage. Loaded Objects now: 4119.
Total: 3.764200 ms (FindLiveObjects: 0.367200 ms CreateObjectMapping: 0.099600 ms MarkObjects: 3.174800 ms  DeleteObjects: 0.121500 ms)

AssetImportParameters requested are different than current active one (requested -> active):
  custom:framework-win-MediaFoundation: 216162199b28c13a410421893ffa2e32 -> 
  custom:video-decoder-ogg-theora: a1e56fd34408186e4bbccfd4996cb3dc -> 
  custom:container-muxer-webm: aa71ff27fc2769a1b78a27578f13a17b -> 
  custom:container-demuxer-webm: 4f35f7cbe854078d1ac9338744f61a02 -> 
  custom:container-demuxer-ogg: 62fdf1f143b41e24485cea50d1cbac27 -> 
  custom:video-encoder-webm-vp8: eb34c28f22e8b96e1ab97ce403110664 -> 
  custom:video-decoder-webm-vp8: 9c59270c3fd7afecdb556c50c9e8de78 -> 
  custom:audio-decoder-ogg-vorbis: bf7c407c2cedff20999df2af8eb42d56 -> 
  custom:audio-encoder-webm-vorbis: bf7c407c2cedff20999df2af8eb42d56 -> 
========================================================================
Received Import Request.
  path: Assets/Dungeon.png
  artifactKey: Guid(ed0f32e20eae5324f8d2d05b4135482e) Importer(815301076,1909f56bfc062723c751e8b465ee728b)
Start importing Assets/Dungeon.png using Guid(ed0f32e20eae5324f8d2d05b4135482e) Importer(815301076,1909f56bfc062723c751e8b465ee728b)  -> (artifact id: '75eaedb1f152e50767a5953309baf47d') in 0.093656 seconds 
========================================================================
Received Import Request.
  Time since last request: 51.979812 seconds.
  path: Assets/Dungeon.png
  artifactKey: Guid(ed0f32e20eae5324f8d2d05b4135482e) Importer(815301076,1909f56bfc062723c751e8b465ee728b)
Start importing Assets/Dungeon.png using Guid(ed0f32e20eae5324f8d2d05b4135482e) Importer(815301076,1909f56bfc062723c751e8b465ee728b)  -> (artifact id: '9f742edadfeaa9e27d3e9abe234f6ff0') in 0.020346 seconds 
========================================================================
Received Import Request.
  Time since last request: 4751.637941 seconds.
  path: Assets/Tiles
  artifactKey: Guid(b8e109d3dd463ad47bf3d1ba09e1fc11) Importer(815301076,1909f56bfc062723c751e8b465ee728b)
Start importing Assets/Tiles using Guid(b8e109d3dd463ad47bf3d1ba09e1fc11) Importer(815301076,1909f56bfc062723c751e8b465ee728b)  -> (artifact id: '0f5426c4c0d84711f6b498c40a2b6242') in 0.006851 seconds 
========================================================================
Received Import Request.
  Time since last request: 8.434797 seconds.
  path: Assets/Artwork
  artifactKey: Guid(b8e109d3dd463ad47bf3d1ba09e1fc11) Importer(815301076,1909f56bfc062723c751e8b465ee728b)
Start importing Assets/Artwork using Guid(b8e109d3dd463ad47bf3d1ba09e1fc11) Importer(815301076,1909f56bfc062723c751e8b465ee728b)  -> (artifact id: '69e8ba823ba32ff8cdb62bc069c5eb1c') in 0.006523 seconds 
========================================================================
Received Import Request.
  Time since last request: 2.307278 seconds.
  path: Assets
  artifactKey: Guid(00000000000000001000000000000000) Importer(815301076,1909f56bfc062723c751e8b465ee728b)
Start importing Assets using Guid(00000000000000001000000000000000) Importer(815301076,1909f56bfc062723c751e8b465ee728b)  -> (artifact id: '68a4034d3d715da871e781da702f0bc5') in 0.007103 seconds 
========================================================================
Received Import Request.
  Time since last request: 10.032692 seconds.
  path: Assets/Prefabs
  artifactKey: Guid(7772fdfb0f960c84e8ca273d44e1da7e) Importer(815301076,1909f56bfc062723c751e8b465ee728b)
Start importing Assets/Prefabs using Guid(7772fdfb0f960c84e8ca273d44e1da7e) Importer(815301076,1909f56bfc062723c751e8b465ee728b)  -> (artifact id: '1f3f00f967d208ddd2873b1ad808e879') in 0.006680 seconds 
========================================================================
Received Import Request.
  Time since last request: 8.346416 seconds.
  path: Assets/Scripts
  artifactKey: Guid(5ba5336ef61aa9748a80258947082b5e) Importer(815301076,1909f56bfc062723c751e8b465ee728b)
Start importing Assets/Scripts using Guid(5ba5336ef61aa9748a80258947082b5e) Importer(815301076,1909f56bfc062723c751e8b465ee728b)  -> (artifact id: '83a263427528f990c3a7a078e924773c') in 0.006298 seconds 
========================================================================
Received Import Request.
  Time since last request: 515.307554 seconds.
  path: Assets/Artwork/charsets_12_m-f_complete_by_antifarea.png
  artifactKey: Guid(b49bbb171d4c6c043b9ed1155c227ed4) Importer(815301076,1909f56bfc062723c751e8b465ee728b)
Start importing Assets/Artwork/charsets_12_m-f_complete_by_antifarea.png using Guid(b49bbb171d4c6c043b9ed1155c227ed4) Importer(815301076,1909f56bfc062723c751e8b465ee728b)  -> (artifact id: 'ed795b7bfef3ac5b6e288a96a5d582c2') in 0.034517 seconds 
========================================================================
Received Import Request.
  Time since last request: 83.258209 seconds.
  path: Assets/Artwork/Dungeon.png
  artifactKey: Guid(d02140137185ed84da4010e2323a846f) Importer(815301076,1909f56bfc062723c751e8b465ee728b)
Start importing Assets/Artwork/Dungeon.png using Guid(d02140137185ed84da4010e2323a846f) Importer(815301076,1909f56bfc062723c751e8b465ee728b)  -> (artifact id: '47875ffa66c2e67dd9f4ceadc8064cd9') in 0.020010 seconds 
========================================================================
Received Import Request.
  Time since last request: 495.495044 seconds.
  path: Assets/Artwork/2D Pixel Dungeon Asset Pack
  artifactKey: Guid(d09dc8966e18c23488411b0bf5019a46) Importer(815301076,1909f56bfc062723c751e8b465ee728b)
Start importing Assets/Artwork/2D Pixel Dungeon Asset Pack using Guid(d09dc8966e18c23488411b0bf5019a46) Importer(815301076,1909f56bfc062723c751e8b465ee728b)  -> (artifact id: 'c4b16454236aa653c5cdbb15fc05b061') in 0.006756 seconds 
========================================================================
Received Import Request.
  Time since last request: 1.594569 seconds.
  path: Assets/Artwork/2D Pixel Dungeon Asset Pack/character and tileset
  artifactKey: Guid(ff868ceb33aaeca48b2615929c0408aa) Importer(815301076,1909f56bfc062723c751e8b465ee728b)
Start importing Assets/Artwork/2D Pixel Dungeon Asset Pack/character and tileset using Guid(ff868ceb33aaeca48b2615929c0408aa) Importer(815301076,1909f56bfc062723c751e8b465ee728b)  -> (artifact id: '0e421f78019e7fd59170c84243b78958') in 0.006837 seconds 
========================================================================
Received Import Request.
  Time since last request: 2.461402 seconds.
  path: Assets/Artwork/2D Pixel Dungeon Asset Pack/character and tileset/Dungeon_Character.png
  artifactKey: Guid(29406c09f2e7c0247878e3a62efc751b) Importer(815301076,1909f56bfc062723c751e8b465ee728b)
Start importing Assets/Artwork/2D Pixel Dungeon Asset Pack/character and tileset/Dungeon_Character.png using Guid(29406c09f2e7c0247878e3a62efc751b) Importer(815301076,1909f56bfc062723c751e8b465ee728b)  -> (artifact id: '82e03c52b7be898e19afed042d5c174e') in 0.026621 seconds 
========================================================================
Received Import Request.
  Time since last request: 36.207038 seconds.
  path: Assets/Artwork/2D Pixel Dungeon Asset Pack/character and tileset/Dungeon_Character.png
  artifactKey: Guid(29406c09f2e7c0247878e3a62efc751b) Importer(815301076,1909f56bfc062723c751e8b465ee728b)
Start importing Assets/Artwork/2D Pixel Dungeon Asset Pack/character and tileset/Dungeon_Character.png using Guid(29406c09f2e7c0247878e3a62efc751b) Importer(815301076,1909f56bfc062723c751e8b465ee728b)  -> (artifact id: 'f8743675b277fb46aef5daf0010a9205') in 0.016577 seconds 
========================================================================
Received Import Request.
  Time since last request: 276.801426 seconds.
  path: Assets/Artwork/2D Pixel Dungeon Asset Pack/character and tileset/Dungeon_Character.png
  artifactKey: Guid(29406c09f2e7c0247878e3a62efc751b) Importer(815301076,1909f56bfc062723c751e8b465ee728b)
Start importing Assets/Artwork/2D Pixel Dungeon Asset Pack/character and tileset/Dungeon_Character.png using Guid(29406c09f2e7c0247878e3a62efc751b) Importer(815301076,1909f56bfc062723c751e8b465ee728b)  -> (artifact id: '3696c9f2be3121ffd76cfd87a940596b') in 0.064570 seconds 
========================================================================
Received Import Request.
  Time since last request: 66.191622 seconds.
  path: Assets/Artwork/2D Pixel Dungeon Asset Pack/character and tileset/Dungeon_Character.png
  artifactKey: Guid(29406c09f2e7c0247878e3a62efc751b) Importer(815301076,1909f56bfc062723c751e8b465ee728b)
Start importing Assets/Artwork/2D Pixel Dungeon Asset Pack/character and tileset/Dungeon_Character.png using Guid(29406c09f2e7c0247878e3a62efc751b) Importer(815301076,1909f56bfc062723c751e8b465ee728b)  -> (artifact id: '093a4eba9313860657dc19a9834205fe') in 0.054583 seconds 
========================================================================
Received Prepare
Registering precompiled user dll's ...
Registered in 0.005408 seconds.
Begin MonoManager ReloadAssembly
Symbol file LoadedFromMemory doesn't match image C:\Users\nikla\Documents\GitHub\SchoolProject\School Project\Library\PackageCache\com.unity.visualscripting@1.6.1\Editor\VisualScripting.Core\Dependencies\YamlDotNet\Unity.VisualScripting.YamlDotNet.dll
Symbol file LoadedFromMemory doesn't match image C:\Users\nikla\Documents\GitHub\SchoolProject\School Project\Library\PackageCache\com.unity.visualscripting@1.6.1\Editor\VisualScripting.Core\Dependencies\DotNetZip\Unity.VisualScripting.IonicZip.dll
Native extension for LinuxStandalone target not found
Native extension for WindowsStandalone target not found
Native extension for OSXStandalone target not found
Refreshing native plugins compatible for Editor in 1.02 ms, found 4 plugins.
Preloading 0 native plugins for Editor in 0.00 ms.
Mono: successfully reloaded assembly
- Completed reload, in  1.108 seconds
Domain Reload Profiling:
	ReloadAssembly (1108ms)
		BeginReloadAssembly (120ms)
			ExecutionOrderSort (0ms)
			DisableScriptedObjects (6ms)
			BackupInstance (0ms)
			ReleaseScriptingObjects (0ms)
			CreateAndSetChildDomain (43ms)
		EndReloadAssembly (932ms)
			LoadAssemblies (85ms)
			RebuildTransferFunctionScriptingTraits (0ms)
			SetupTypeCache (333ms)
			ReleaseScriptCaches (2ms)
			RebuildScriptCaches (41ms)
			SetupLoadedEditorAssemblies (368ms)
				LogAssemblyErrors (0ms)
				InitializePlatformSupportModulesInManaged (7ms)
				SetLoadedEditorAssemblies (0ms)
				RefreshPlugins (1ms)
				BeforeProcessingInitializeOnLoad (67ms)
				ProcessInitializeOnLoadAttributes (280ms)
				ProcessInitializeOnLoadMethodAttributes (7ms)
				AfterProcessingInitializeOnLoad (6ms)
				EditorAssembliesLoaded (0ms)
			ExecutionOrderSort2 (0ms)
			AwakeInstancesAfterBackupRestoration (14ms)
Platform modules already initialized, skipping
Refreshing native plugins compatible for Editor in 0.91 ms, found 4 plugins.
Preloading 0 native plugins for Editor in 0.00 ms.
Unloading 3671 Unused Serialized files (Serialized files now loaded: 0)
System memory in use before: 143.7 MB.
System memory in use after: 143.8 MB.

Unloading 25 unused Assets to reduce memory usage. Loaded Objects now: 4248.
Total: 4.184000 ms (FindLiveObjects: 0.449000 ms CreateObjectMapping: 0.252700 ms MarkObjects: 3.371500 ms  DeleteObjects: 0.109900 ms)

AssetImportParameters requested are different than current active one (requested -> active):
  custom:framework-win-MediaFoundation: 216162199b28c13a410421893ffa2e32 -> 
  custom:video-decoder-ogg-theora: a1e56fd34408186e4bbccfd4996cb3dc -> 
  custom:container-muxer-webm: aa71ff27fc2769a1b78a27578f13a17b -> 
  custom:container-demuxer-webm: 4f35f7cbe854078d1ac9338744f61a02 -> 
  custom:container-demuxer-ogg: 62fdf1f143b41e24485cea50d1cbac27 -> 
  custom:video-encoder-webm-vp8: eb34c28f22e8b96e1ab97ce403110664 -> 
  custom:video-decoder-webm-vp8: 9c59270c3fd7afecdb556c50c9e8de78 -> 
  custom:audio-decoder-ogg-vorbis: bf7c407c2cedff20999df2af8eb42d56 -> 
  custom:audio-encoder-webm-vorbis: bf7c407c2cedff20999df2af8eb42d56 -> 
========================================================================
Received Prepare
Registering precompiled user dll's ...
Registered in 0.005794 seconds.
Begin MonoManager ReloadAssembly
Symbol file LoadedFromMemory doesn't match image C:\Users\nikla\Documents\GitHub\SchoolProject\School Project\Library\PackageCache\com.unity.visualscripting@1.6.1\Editor\VisualScripting.Core\Dependencies\YamlDotNet\Unity.VisualScripting.YamlDotNet.dll
Symbol file LoadedFromMemory doesn't match image C:\Users\nikla\Documents\GitHub\SchoolProject\School Project\Library\PackageCache\com.unity.visualscripting@1.6.1\Editor\VisualScripting.Core\Dependencies\DotNetZip\Unity.VisualScripting.IonicZip.dll
Native extension for LinuxStandalone target not found
Native extension for WindowsStandalone target not found
Native extension for OSXStandalone target not found
Refreshing native plugins compatible for Editor in 0.93 ms, found 4 plugins.
Preloading 0 native plugins for Editor in 0.00 ms.
Mono: successfully reloaded assembly
- Completed reload, in  1.162 seconds
Domain Reload Profiling:
	ReloadAssembly (1163ms)
		BeginReloadAssembly (122ms)
			ExecutionOrderSort (0ms)
			DisableScriptedObjects (8ms)
			BackupInstance (0ms)
			ReleaseScriptingObjects (0ms)
			CreateAndSetChildDomain (42ms)
		EndReloadAssembly (977ms)
			LoadAssemblies (96ms)
			RebuildTransferFunctionScriptingTraits (0ms)
			SetupTypeCache (339ms)
			ReleaseScriptCaches (1ms)
			RebuildScriptCaches (44ms)
			SetupLoadedEditorAssemblies (398ms)
				LogAssemblyErrors (0ms)
				InitializePlatformSupportModulesInManaged (8ms)
				SetLoadedEditorAssemblies (0ms)
				RefreshPlugins (1ms)
				BeforeProcessingInitializeOnLoad (69ms)
				ProcessInitializeOnLoadAttributes (306ms)
				ProcessInitializeOnLoadMethodAttributes (7ms)
				AfterProcessingInitializeOnLoad (7ms)
				EditorAssembliesLoaded (0ms)
			ExecutionOrderSort2 (0ms)
			AwakeInstancesAfterBackupRestoration (15ms)
Platform modules already initialized, skipping
Refreshing native plugins compatible for Editor in 0.93 ms, found 4 plugins.
Preloading 0 native plugins for Editor in 0.00 ms.
Unloading 3670 Unused Serialized files (Serialized files now loaded: 0)
System memory in use before: 143.7 MB.
System memory in use after: 143.8 MB.

Unloading 25 unused Assets to reduce memory usage. Loaded Objects now: 4252.
Total: 3.961600 ms (FindLiveObjects: 0.443300 ms CreateObjectMapping: 0.099000 ms MarkObjects: 3.304200 ms  DeleteObjects: 0.113800 ms)

AssetImportParameters requested are different than current active one (requested -> active):
  custom:framework-win-MediaFoundation: 216162199b28c13a410421893ffa2e32 -> 
  custom:video-decoder-ogg-theora: a1e56fd34408186e4bbccfd4996cb3dc -> 
  custom:container-muxer-webm: aa71ff27fc2769a1b78a27578f13a17b -> 
  custom:container-demuxer-webm: 4f35f7cbe854078d1ac9338744f61a02 -> 
  custom:container-demuxer-ogg: 62fdf1f143b41e24485cea50d1cbac27 -> 
  custom:video-encoder-webm-vp8: eb34c28f22e8b96e1ab97ce403110664 -> 
  custom:video-decoder-webm-vp8: 9c59270c3fd7afecdb556c50c9e8de78 -> 
  custom:audio-decoder-ogg-vorbis: bf7c407c2cedff20999df2af8eb42d56 -> 
  custom:audio-encoder-webm-vorbis: bf7c407c2cedff20999df2af8eb42d56 -> 
AssetImportWorkerClient::OnTransportError - code=2 error=End of file
